<?xml version="1.0" encoding="UTF-8"?>
<testsuite xmlns:xsi="http://www.w3.org/2001/XMLSchema-instance" xsi:noNamespaceSchemaLocation="https://maven.apache.org/surefire/maven-surefire-plugin/xsd/surefire-test-report-3.0.xsd" version="3.0" name="sk.itvkurze.metis.AppTest" time="0.038" tests="4" errors="0" skipped="0" failures="0">
  <properties>
[...]
</properties>
  <testcase name="testNotNull" classname="sk.itvkurze.metis.AppTest" time="0.014"/>
  <testcase name="testTrueIsTrue" classname="sk.itvkurze.metis.AppTest" time="0.001"/>
  <testcase name="testFalseIsNotTrue" classname="sk.itvkurze.metis.AppTest" time="0.001"/>
  <testcase name="testStringLengthGreaterThanZero" classname="sk.itvkurze.metis.AppTest" time="0.001"/>
</testsuite>